[New LWP 705]
Core was generated by `'.
Program terminated with signal SIGXCPU, CPU time limit exceeded.
#0  0x00000000053d5eb0 in ?? ()
#0  0x00000000053d5eb0 in ?? ()
#1  0x0000000000108d85 in ?? ()
#2  0x406fda097b40f58c in ?? ()
#3  0x0000fda200108a67 in ?? ()
#4  0x0000001ffef9ed30 in ?? ()
#5  0x0000000000108a67 in ?? ()
#6  0x4069c00000000000 in ?? ()
#7  0x0000fda200000024 in ?? ()
#8  0x0000001ffef9ed50 in ?? ()
#9  0x000000ce0000000e in ?? ()
#10 0x0000001ffef9ed60 in ?? ()
#11 0x0000000000108aec in ?? ()
#12 0x0000001ffef9ed70 in ?? ()
#13 0x0000c3510000fda2 in ?? ()
#14 0x0000001ffefde56c in ?? ()
#15 0x0000000000000000 in ?? ()
