==17556== Memcheck, a memory error detector
==17556== Copyright (C) 2002-2017, and GNU GPL'd, by Julian Seward et al.
==17556== Using Valgrind-3.13.0 and LibVEX; rerun with -h for copyright info
==17556== Command: /rhome/j/jhasanovic1/workspace/TP/Z3/Z2/.runme
==17556== Parent PID: 17538
==17556== 
==17556== 
==17556== Process terminating with default action of signal 1 (SIGHUP)
==17556==    at 0x56EF191: read (read.c:27)
==17556==    by 0x566C1B7: _IO_file_underflow@@GLIBC_2.2.5 (fileops.c:531)
==17556==    by 0x566D461: _IO_default_uflow (genops.c:380)
==17556==    by 0x512B7EC: __gnu_cxx::stdio_sync_filebuf<char, std::char_traits<char> >::underflow() (in /usr/lib/x86_64-linux-gnu/libstdc++.so.6.0.25)
==17556==    by 0x50EA078: std::basic_istream<char, std::char_traits<char> >& std::getline<char, std::char_traits<char>, std::allocator<char> >(std::basic_istream<char, std::char_traits<char> >&, std::__cxx11::basic_string<char, std::char_traits<char>, std::allocator<char> >&, char) (in /usr/lib/x86_64-linux-gnu/libstdc++.so.6.0.25)
==17556==    by 0x10A9C6: main (main.cpp:108)
==17556== 
==17556== HEAP SUMMARY:
==17556==     in use at exit: 0 bytes in 0 blocks
==17556==   total heap usage: 2 allocs, 2 frees, 73,728 bytes allocated
==17556== 
==17556== All heap blocks were freed -- no leaks are possible
==17556== 
==17556== For counts of detected and suppressed errors, rerun with: -v
==17556== ERROR SUMMARY: 0 errors from 0 contexts (suppressed: 0 from 0)
