==22559== Memcheck, a memory error detector
==22559== Copyright (C) 2002-2017, and GNU GPL'd, by Julian Seward et al.
==22559== Using Valgrind-3.13.0 and LibVEX; rerun with -h for copyright info
==22559== Command: /rhome/j/jhasanovic1/workspace/TP/Z4/Z1/.runme
==22559== Parent PID: 22527
==22559== 
==22559== 
==22559== Process terminating with default action of signal 1 (SIGHUP)
==22559==    at 0x5A8D262: write (write.c:27)
==22559==    by 0x5A0822C: _IO_file_write@@GLIBC_2.2.5 (fileops.c:1203)
==22559==    by 0x5A09FC0: new_do_write (fileops.c:457)
==22559==    by 0x5A09FC0: _IO_do_write@@GLIBC_2.2.5 (fileops.c:433)
==22559==    by 0x5A0A472: _IO_file_overflow@@GLIBC_2.2.5 (fileops.c:798)
==22559==    by 0x5151689: std::ostream::put(char) (in /usr/lib/x86_64-linux-gnu/libstdc++.so.6.0.25)
==22559==    by 0x515188E: std::basic_ostream<char, std::char_traits<char> >& std::endl<char, std::char_traits<char> >(std::basic_ostream<char, std::char_traits<char> >&) (in /usr/lib/x86_64-linux-gnu/libstdc++.so.6.0.25)
==22559==    by 0x10AC41: main (main.cpp:353)
==22559== 
==22559== HEAP SUMMARY:
==22559==     in use at exit: 0 bytes in 0 blocks
==22559==   total heap usage: 2 allocs, 2 frees, 73,728 bytes allocated
==22559== 
==22559== All heap blocks were freed -- no leaks are possible
==22559== 
==22559== For counts of detected and suppressed errors, rerun with: -v
==22559== ERROR SUMMARY: 0 errors from 0 contexts (suppressed: 0 from 0)
