==22644== Memcheck, a memory error detector
==22644== Copyright (C) 2002-2017, and GNU GPL'd, by Julian Seward et al.
==22644== Using Valgrind-3.13.0 and LibVEX; rerun with -h for copyright info
==22644== Command: /rhome/j/jhasanovic1/workspace/TP/Z4/Z2/.runme
==22644== Parent PID: 22607
==22644== 
==22644== 
==22644== Process terminating with default action of signal 15 (SIGTERM)
==22644==    at 0x56EF191: read (read.c:27)
==22644==    by 0x566C1B7: _IO_file_underflow@@GLIBC_2.2.5 (fileops.c:531)
==22644==    by 0x566D461: _IO_default_uflow (genops.c:380)
==22644==    by 0x512B7EC: __gnu_cxx::stdio_sync_filebuf<char, std::char_traits<char> >::underflow() (in /usr/lib/x86_64-linux-gnu/libstdc++.so.6.0.25)
==22644==    by 0x51395D9: std::istream::sentry::sentry(std::istream&, bool) (in /usr/lib/x86_64-linux-gnu/libstdc++.so.6.0.25)
==22644==    by 0x513980D: std::istream::operator>>(int&) (in /usr/lib/x86_64-linux-gnu/libstdc++.so.6.0.25)
==22644==    by 0x10A799: main (main.cpp:298)
==22644== 
==22644== HEAP SUMMARY:
==22644==     in use at exit: 0 bytes in 0 blocks
==22644==   total heap usage: 2 allocs, 2 frees, 73,728 bytes allocated
==22644== 
==22644== All heap blocks were freed -- no leaks are possible
==22644== 
==22644== For counts of detected and suppressed errors, rerun with: -v
==22644== ERROR SUMMARY: 0 errors from 0 contexts (suppressed: 0 from 0)
