==22440== Memcheck, a memory error detector
==22440== Copyright (C) 2002-2017, and GNU GPL'd, by Julian Seward et al.
==22440== Using Valgrind-3.13.0 and LibVEX; rerun with -h for copyright info
==22440== Command: /rhome/j/jhasanovic1/workspace/TP/Z4/Z6/.runme
==22440== Parent PID: 22422
==22440== 
==22440== 
==22440== Process terminating with default action of signal 1 (SIGHUP)
==22440==    at 0x56EF191: read (read.c:27)
==22440==    by 0x566C1B7: _IO_file_underflow@@GLIBC_2.2.5 (fileops.c:531)
==22440==    by 0x566D461: _IO_default_uflow (genops.c:380)
==22440==    by 0x512B7EC: __gnu_cxx::stdio_sync_filebuf<char, std::char_traits<char> >::underflow() (in /usr/lib/x86_64-linux-gnu/libstdc++.so.6.0.25)
==22440==    by 0x51395D9: std::istream::sentry::sentry(std::istream&, bool) (in /usr/lib/x86_64-linux-gnu/libstdc++.so.6.0.25)
==22440==    by 0x513AE8A: std::basic_istream<char, std::char_traits<char> >& std::operator>><char, std::char_traits<char> >(std::basic_istream<char, std::char_traits<char> >&, char&) (in /usr/lib/x86_64-linux-gnu/libstdc++.so.6.0.25)
==22440==    by 0x10A42A: main (main.cpp:330)
==22440== 
==22440== HEAP SUMMARY:
==22440==     in use at exit: 0 bytes in 0 blocks
==22440==   total heap usage: 2 allocs, 2 frees, 73,728 bytes allocated
==22440== 
==22440== All heap blocks were freed -- no leaks are possible
==22440== 
==22440== For counts of detected and suppressed errors, rerun with: -v
==22440== ERROR SUMMARY: 0 errors from 0 contexts (suppressed: 0 from 0)
