==7307== Memcheck, a memory error detector
==7307== Copyright (C) 2002-2017, and GNU GPL'd, by Julian Seward et al.
==7307== Using Valgrind-3.13.0 and LibVEX; rerun with -h for copyright info
==7307== Command: /rhome/j/jhasanovic1/workspace/TP/Z1/Z4/.runme
==7307== Parent PID: 7300
==7307== 
==7307== 
==7307== Process terminating with default action of signal 1 (SIGHUP)
==7307==    at 0x56EF262: write (write.c:27)
==7307==    by 0x566A22C: _IO_file_write@@GLIBC_2.2.5 (fileops.c:1203)
==7307==    by 0x566AB9E: new_do_write (fileops.c:457)
==7307==    by 0x566AB9E: _IO_file_xsputn@@GLIBC_2.2.5 (fileops.c:1277)
==7307==    by 0x565E9E6: fwrite (iofwrite.c:39)
==7307==    by 0x5151B83: std::basic_ostream<char, std::char_traits<char> >& std::__ostream_insert<char, std::char_traits<char> >(std::basic_ostream<char, std::char_traits<char> >&, char const*, long) (in /usr/lib/x86_64-linux-gnu/libstdc++.so.6.0.25)
==7307==    by 0x5151EF6: std::basic_ostream<char, std::char_traits<char> >& std::operator<< <std::char_traits<char> >(std::basic_ostream<char, std::char_traits<char> >&, char const*) (in /usr/lib/x86_64-linux-gnu/libstdc++.so.6.0.25)
==7307==    by 0x109F8A: main (main.cpp:68)
==7307== 
==7307== HEAP SUMMARY:
==7307==     in use at exit: 0 bytes in 0 blocks
==7307==   total heap usage: 2 allocs, 2 frees, 73,728 bytes allocated
==7307== 
==7307== All heap blocks were freed -- no leaks are possible
==7307== 
==7307== For counts of detected and suppressed errors, rerun with: -v
==7307== ERROR SUMMARY: 0 errors from 0 contexts (suppressed: 0 from 0)
