[New LWP 21760]
Core was generated by `'.
Program terminated with signal SIGXCPU, CPU time limit exceeded.
#0  0x00000000056ef262 in ?? ()
#0  0x00000000056ef262 in ?? ()
#1  0x000000000566a22d in ?? ()
#2  0xb7b6b5b4b3b2b1b0 in ?? ()
#3  0x00000000059cb760 in ?? ()
#4  0x0000000000000011 in ?? ()
#5  0x0000000000000d68 in ?? ()
#6  0x000000000010c210 in ?? ()
#7  0x000000000566ab9f in ?? ()
#8  0x0000000000000011 in ?? ()
#9  0xefeeedecebeae9e8 in ?? ()
#10 0xf7f6f5f4f3f2f1f0 in ?? ()
#11 0x0000000000000011 in ?? ()
#12 0x0000000000000011 in ?? ()
#13 0x00000000059cb760 in ?? ()
#14 0x0000000000000001 in ?? ()
#15 0x000000000010c210 in ?? ()
#16 0x00000000059c72a0 in ?? ()
#17 0x000000000565e9e7 in ?? ()
#18 0x0000000000000d68 in ?? ()
#19 0x000000000030e020 in ?? ()
#20 0x000000000030e028 in ?? ()
#21 0x00000000001096b0 in ?? ()
#22 0x0000001fff000760 in ?? ()
#23 0x0000000000000011 in ?? ()
#24 0x0000000000000000 in ?? ()
