==14200== Memcheck, a memory error detector
==14200== Copyright (C) 2002-2017, and GNU GPL'd, by Julian Seward et al.
==14200== Using Valgrind-3.13.0 and LibVEX; rerun with -h for copyright info
==14200== Command: /rhome/j/jhasanovic1/workspace/TP/Z4/Z5/.runme
==14200== Parent PID: 14167
==14200== 
==14200== 
==14200== Process terminating with default action of signal 1 (SIGHUP)
==14200==    at 0x56EF191: read (read.c:27)
==14200==    by 0x566C1B7: _IO_file_underflow@@GLIBC_2.2.5 (fileops.c:531)
==14200==    by 0x566D461: _IO_default_uflow (genops.c:380)
==14200==    by 0x512B7EC: __gnu_cxx::stdio_sync_filebuf<char, std::char_traits<char> >::underflow() (in /usr/lib/x86_64-linux-gnu/libstdc++.so.6.0.25)
==14200==    by 0x51395D9: std::istream::sentry::sentry(std::istream&, bool) (in /usr/lib/x86_64-linux-gnu/libstdc++.so.6.0.25)
==14200==    by 0x513AE8A: std::basic_istream<char, std::char_traits<char> >& std::operator>><char, std::char_traits<char> >(std::basic_istream<char, std::char_traits<char> >&, char&) (in /usr/lib/x86_64-linux-gnu/libstdc++.so.6.0.25)
==14200==    by 0x109EF9: main (main.cpp:338)
==14200== 
==14200== HEAP SUMMARY:
==14200==     in use at exit: 0 bytes in 0 blocks
==14200==   total heap usage: 2 allocs, 2 frees, 73,728 bytes allocated
==14200== 
==14200== All heap blocks were freed -- no leaks are possible
==14200== 
==14200== For counts of detected and suppressed errors, rerun with: -v
==14200== ERROR SUMMARY: 0 errors from 0 contexts (suppressed: 0 from 0)
