[New LWP 18666]
Core was generated by `'.
Program terminated with signal SIGXCPU, CPU time limit exceeded.
#0  0x0000000000108e11 in ?? ()
#0  0x0000000000108e11 in ?? ()
#1  0x0000001fff000890 in ?? ()
#2  0x0000000000108f0d in ?? ()
#3  0x0000001fff000890 in ?? ()
#4  0x0000000200000001 in ?? ()
#5  0x0000001fff000940 in ?? ()
#6  0x0000001fff0008e0 in ?? ()
#7  0x0000000200000a50 in ?? ()
#8  0x0000000200000081 in ?? ()
#9  0x0000000100000001 in ?? ()
#10 0x3bc09e735866ea00 in ?? ()
#11 0x0000000000108cf0 in ?? ()
#12 0x0000000000000002 in ?? ()
#13 0x0000001fff000970 in ?? ()
#14 0x0000000000109191 in ?? ()
#15 0x00000000053c3260 in ?? ()
#16 0x0000000005137810 in ?? ()
#17 0x0000000000000002 in ?? ()
#18 0x00000000053c38c0 in ?? ()
#19 0x0000000005d80160 in ?? ()
#20 0x0000000005d80170 in ?? ()
#21 0x0000000005d80170 in ?? ()
#22 0x0000000005622539 in ?? ()
#23 0x0000000005d80250 in ?? ()
#24 0x0000000005d80258 in ?? ()
#25 0x0000000005d80258 in ?? ()
#26 0x000000000030bd00 in ?? ()
#27 0x0000000000000001 in ?? ()
#28 0x0000000000109536 in ?? ()
#29 0x0000000000000000 in ?? ()
