==7051== Memcheck, a memory error detector
==7051== Copyright (C) 2002-2017, and GNU GPL'd, by Julian Seward et al.
==7051== Using Valgrind-3.13.0 and LibVEX; rerun with -h for copyright info
==7051== Command: /rhome/j/jhasanovic1/workspace/TP/Z1/Z1/.runme
==7051== Parent PID: 7032
==7051== 
==7051== 
==7051== Process terminating with default action of signal 1 (SIGHUP)
==7051==    at 0x56EF191: read (read.c:27)
==7051==    by 0x566C1B7: _IO_file_underflow@@GLIBC_2.2.5 (fileops.c:531)
==7051==    by 0x566D461: _IO_default_uflow (genops.c:380)
==7051==    by 0x512B7EC: __gnu_cxx::stdio_sync_filebuf<char, std::char_traits<char> >::underflow() (in /usr/lib/x86_64-linux-gnu/libstdc++.so.6.0.25)
==7051==    by 0x51395D9: std::istream::sentry::sentry(std::istream&, bool) (in /usr/lib/x86_64-linux-gnu/libstdc++.so.6.0.25)
==7051==    by 0x513980D: std::istream::operator>>(int&) (in /usr/lib/x86_64-linux-gnu/libstdc++.so.6.0.25)
==7051==    by 0x1090D3: main (main.cpp:61)
==7051== 
==7051== HEAP SUMMARY:
==7051==     in use at exit: 0 bytes in 0 blocks
==7051==   total heap usage: 2 allocs, 2 frees, 73,728 bytes allocated
==7051== 
==7051== All heap blocks were freed -- no leaks are possible
==7051== 
==7051== For counts of detected and suppressed errors, rerun with: -v
==7051== ERROR SUMMARY: 0 errors from 0 contexts (suppressed: 0 from 0)
