==8676== Memcheck, a memory error detector
==8676== Copyright (C) 2002-2017, and GNU GPL'd, by Julian Seward et al.
==8676== Using Valgrind-3.13.0 and LibVEX; rerun with -h for copyright info
==8676== Command: /rhome/j/jhasanovic1/workspace/TP/Z3/Z1/.runme
==8676== Parent PID: 8651
==8676== 
==8676== 
==8676== Process terminating with default action of signal 1 (SIGHUP)
==8676==    at 0x5A8D191: read (read.c:27)
==8676==    by 0x5A0A1B7: _IO_file_underflow@@GLIBC_2.2.5 (fileops.c:531)
==8676==    by 0x5A0B461: _IO_default_uflow (genops.c:380)
==8676==    by 0x512B7EC: __gnu_cxx::stdio_sync_filebuf<char, std::char_traits<char> >::underflow() (in /usr/lib/x86_64-linux-gnu/libstdc++.so.6.0.25)
==8676==    by 0x51395D9: std::istream::sentry::sentry(std::istream&, bool) (in /usr/lib/x86_64-linux-gnu/libstdc++.so.6.0.25)
==8676==    by 0x513980D: std::istream::operator>>(int&) (in /usr/lib/x86_64-linux-gnu/libstdc++.so.6.0.25)
==8676==    by 0x10AAC6: main (main.cpp:144)
==8676== 
==8676== HEAP SUMMARY:
==8676==     in use at exit: 0 bytes in 0 blocks
==8676==   total heap usage: 2 allocs, 2 frees, 73,728 bytes allocated
==8676== 
==8676== All heap blocks were freed -- no leaks are possible
==8676== 
==8676== For counts of detected and suppressed errors, rerun with: -v
==8676== ERROR SUMMARY: 0 errors from 0 contexts (suppressed: 0 from 0)
